<?xml version="1.0" encoding="UTF-8"?>
<Site BuildName="Win32-ninja"
	BuildStamp="20240809-2007-Experimental"
	Name="HellHound"
	Generator="ctest-3.30.0-rc1"
	CompilerName="C:/Program Files/Microsoft Visual Studio/2022/Community/VC/Tools/MSVC/14.39.33519/bin/Hostx86/x64/cl.exe"
	CompilerVersion="19.39.33523.0"
	OSName="Windows"
	Hostname="HellHound"
	OSRelease=" Professional"
	OSVersion=" (Build 22631)"
	OSPlatform="AMD64"
	Is64Bits="1"
	VendorString="GenuineIntel"
	VendorID="Intel Corporation"
	FamilyID="6"
	ModelID="14"
	ProcessorCacheSize="-1"
	NumberOfLogicalCPU="8"
	NumberOfPhysicalCPU="4"
	TotalVirtualMemory="17214"
	TotalPhysicalMemory="16190"
	LogicalProcessorsPerPhysical="2"
	ProcessorClockFrequency="2112"
	>
	<Testing>
		<StartDateTime>Aug 09 23:07 E. Africa Standard Time</StartDateTime>
		<StartTestTime>1723234039</StartTestTime>
		<TestList/>
		<EndDateTime>Aug 09 23:07 E. Africa Standard Time</EndDateTime>
		<EndTestTime>1723234039</EndTestTime>
		<ElapsedMinutes>0</ElapsedMinutes>
	</Testing>
</Site>
